G99-TS310: START
0x10007000: 0x1000
1 free memory block(s) found
task0: TID =1 entering
G99-TS310-LOG2: task0: creating a MEDIUM prio task that receives messages from the other tasks.
G99-TS310-LOG2: task0: creating a MEDIUM prio task that runs the task0_send_msg_0 function.
G99-TS310-LOG2: task0: creating a MEDIUM prio task that runs the task0_send_msg_1 function.
G99-TS310-LOG2: task0: creating a MEDIUM prio task that runs the task0_send_msg_2 function.
G99-TS310-LOG2:, test0_recv_task: creating a mailbox of size 7 Bytes
task 0 - sender 2 buf: c
G99-TS310-LOG: Test[0]-[0]: .
G99-TS310-LOG: Test[0]-[0]: result = 1.
task 0 - sender 1 buf: b
G99-TS310-LOG: Test[0]-[1]: .
G99-TS310-LOG: Test[0]-[1]: result = 1.
task 0 - sender 0 buf: a
G99-TS310-LOG: Test[0]-[2]: .
G99-TS310-LOG: Test[0]-[2]: result = 1.
char_message: c
char_message: b
char_message: a
test0_messages[0]: c
test0_messages[1]: b
test0_messages[2]: a
G99-TS310-LOG: Test[0]-[3]: .
G99-TS310-LOG: Test[0]-[3]: result = 1.
G99-TS310-LOG2: test1: creating a MEDIUM prio task task1_receive_msg that attempt to receive a message.
G99-TS310-LOG2: test1_recv_task: creating a mailbox of size 7 Bytes.
G99-TS310-LOG: Test[1]-[0]: .
G99-TS310-LOG: Test[1]-[0]: result = 1.
G99-TS310-LOG2: test1: creating a MEDIUM prio task task1_send_msg_0 that sends a message.
task1 - sender 0 buf: d
char_message: d
G99-TS310-LOG: Test[1]-[1]: .
G99-TS310-LOG: Test[1]-[1]: result = 1.
G99-TS310-LOG: Test[1]-[2]: .
G99-TS310-LOG: Test[1]-[2]: result = 1.
G99-TS310-LOG: Test[1]-[3]: .
G99-TS310-LOG: Test[1]-[3]: result = 1.
G99-TS310-LOG2: test2: creating a HIGH prio task  task2_receive_msg that runs the recieves message from the previous tasks.
G99-TS310-LOG2: test2_recv_task: creating a mailbox of size 7 Bytes.
About to block on receive.
G99-TS310-LOG: Test[2]-[0]: .
G99-TS310-LOG: Test[2]-[0]: result = 1.
G99-TS310-LOG2: test2: creating a MEDIUM prio task that runs the task2_send_msg_0 function.
task2 - sender 0 buf: e
Received message, continuing.
char_message: e
G99-TS310-LOG: Test[2]-[1]: .
G99-TS310-LOG: Test[2]-[1]: result = 1.
G99-TS310-LOG: Test[2]-[2]: .
G99-TS310-LOG: Test[2]-[2]: result = 1.
G99-TS310-LOG: Test[2]-[3]: .
G99-TS310-LOG: Test[2]-[3]: result = 1.
G99-TS310-LOG2: test3: creating a MEDIUM prio task that runs the recieves message from the previous tasks.
G99-TS310-LOG2: test3_recv_task: creating a mailbox of size 7 BytesG99-TS310-LOG: Test[3]-[0]: .
G99-TS310-LOG: Test[3]-[0]: result = 1.
G99-TS310-LOG2: test3: creating a HIGH prio task that runs the task3_msg 0 function.
task 3 - sender 0 buf: f
G99-TS310-LOG2: test3: creating a HIGH prio task that runs the task3_msg 1 function.
task 3 - sender 1 buf: g
G99-TS310-LOG: Test[3]-[1]: .
G99-TS310-LOG: Test[3]-[1]: result = 1.
char_message: f
char_message: g
G99-TS310-LOG: Test[3]-[2]: .
G99-TS310-LOG: Test[3]-[2]: result = 1.
G99-TS310-LOG: Test[3]-[3]: .
G99-TS310-LOG: Test[3]-[3]: result = 1.
G99-TS310-LOG: Test[3]-[4]: .
G99-TS310-LOG: Test[3]-[4]: result = 1.
G99-TS310: FINISHED
G99-TS310-LOG: Test 0: 4/4 PASSED. Expected = 0xF, result = 0xF
G99-TS310-LOG: Test 1: 4/4 PASSED. Expected = 0xF, result = 0xF
G99-TS310-LOG: Test 2: 4/4 PASSED. Expected = 0xF, result = 0xF
G99-TS310-LOG: Test 3: 5/5 PASSED. Expected = 0x1F, result = 0x1F
G99-TS310: 4/4 test function(s) COMPLETED.
G99-TS310: 17/17 tests PASSED.
G99-TS310: 0/17 tests FAILED.
G99-TS310: END
